<?xml version="1.0" encoding="UTF-8" ?>
<testsuite tests="11" failures="0" name="edu.osu.cs362.TimeTable_ESTest" time="1.658" errors="1" skipped="0">
  <properties>
[...]
</properties>
  <testcase classname="edu.osu.cs362.TimeTable_ESTest" name="test00" time="0"/>
  <testcase classname="edu.osu.cs362.TimeTable_ESTest" name="test01" time="1.652"/>
  <testcase classname="edu.osu.cs362.TimeTable_ESTest" name="test02" time="0.001"/>
  <testcase classname="edu.osu.cs362.TimeTable_ESTest" name="test03" time="0"/>
  <testcase classname="edu.osu.cs362.TimeTable_ESTest" name="test04" time="0.001"/>
  <testcase classname="edu.osu.cs362.TimeTable_ESTest" name="test05" time="0"/>
  <testcase classname="edu.osu.cs362.TimeTable_ESTest" name="test06" time="0"/>
  <testcase classname="edu.osu.cs362.TimeTable_ESTest" name="test07" time="0"/>
  <testcase classname="edu.osu.cs362.TimeTable_ESTest" name="test08" time="0.001"/>
  <testcase classname="edu.osu.cs362.TimeTable_ESTest" name="test09" time="0.001"/>
  <testcase classname="edu.osu.cs362.TimeTable_ESTest" name="test10" time="0.002">
    <error message="Second date specified is not before the first date specified." type="java.lang.IllegalArgumentException">java.lang.IllegalArgumentException: Second date specified is not before the first date specified.
	at edu.osu.cs362.TimeTable.getApptRange(TimeTable.java:44)
	at edu.osu.cs362.TimeTable_ESTest.test10(TimeTable_ESTest.java:157)
	at sun.reflect.NativeMethodAccessorImpl.invoke0(Native Method)
	at sun.reflect.NativeMethodAccessorImpl.invoke(NativeMethodAccessorImpl.java:62)
	at sun.reflect.DelegatingMethodAccessorImpl.invoke(DelegatingMethodAccessorImpl.java:43)
	at java.lang.reflect.Method.invoke(Method.java:498)
	at org.junit.runners.model.FrameworkMethod$1.runReflectiveCall(FrameworkMethod.java:50)
	at org.junit.internal.runners.model.ReflectiveCallable.run(ReflectiveCallable.java:12)
	at org.junit.runners.model.FrameworkMethod.invokeExplosively(FrameworkMethod.java:47)
	at org.junit.internal.runners.statements.InvokeMethod.evaluate(InvokeMethod.java:17)
	at org.junit.internal.runners.statements.FailOnTimeout$CallableStatement.call(FailOnTimeout.java:298)
	at org.junit.internal.runners.statements.FailOnTimeout$CallableStatement.call(FailOnTimeout.java:292)
	at java.util.concurrent.FutureTask.run(FutureTask.java:266)
	at java.lang.Thread.run(Thread.java:745)
</error>
  </testcase>
</testsuite>